
**** Build of configuration Nios II for project server ****

make all 
      1 [main] sh 5448 find_fast_cwd: WARNING: Couldn't compute FAST_CWD pointer.  Please report this problem to
the public mailing list cygwin@cygwin.com
      1 [main] sh 4736 find_fast_cwd: WARNING: Couldn't compute FAST_CWD pointer.  Please report this problem to
the public mailing list cygwin@cygwin.com
      1 [main] echo 8068 find_fast_cwd: WARNING: Couldn't compute FAST_CWD pointer.  Please report this problem to
the public mailing list cygwin@cygwin.com
Info: Building ../server_bsp/
make --no-print-directory -C ../server_bsp/
      1 [main] pwd 2796 find_fast_cwd: WARNING: Couldn't compute FAST_CWD pointer.  Please report this problem to
the public mailing list cygwin@cygwin.com
      1 [main] sh 3044 find_fast_cwd: WARNING: Couldn't compute FAST_CWD pointer.  Please report this problem to
the public mailing list cygwin@cygwin.com
      1 [main] sh 8064 find_fast_cwd: WARNING: Couldn't compute FAST_CWD pointer.  Please report this problem to
the public mailing list cygwin@cygwin.com
[BSP build complete]
      1 [main] echo 9776 find_fast_cwd: WARNING: Couldn't compute FAST_CWD pointer.  Please report this problem to
the public mailing list cygwin@cygwin.com
Info: Compiling iniche_init.c to obj/default/iniche_init.o
      1 [main] mkdir 9208 find_fast_cwd: WARNING: Couldn't compute FAST_CWD pointer.  Please report this problem to
nios2-elf-gcc -xc -MP -MMD -c -I../server_bsp//iniche/inc -I../server_bsp//iniche/src/h -I../server_bsp//iniche/src/h/nios2 -I../server_bsp//iniche/src/nios2 -I../server_bsp//UCOSII/inc -I../server_bsp//HAL/inc -I../server_bsp/ -I../server_bsp//drivers/inc  -DSYSTEM_BUS_WIDTH=32 -pipe -D__hal__ -DALT_NO_INSTRUCTION_EMULATION -DALT_INICHE -D__ucosii__    -O0 -g -Wall   -EL -mno-hw-div -mhw-mul -mno-hw-mulx  -o obj/default/iniche_init.o iniche_init.c
the public mailing list cygwin@cygwin.com
iniche_init.c: In function 'SSSInitialTask':
iniche_init.c:144: warning: implicit declaration of function 'inet_pton'
iniche_init.c:137: warning: unused variable 'buf'
iniche_init.c:136: warning: unused variable 'reqC'
iniche_init.c:135: warning: unused variable 'reqB'
iniche_init.c:134: warning: unused variable 'reqA'
iniche_init.c:130: warning: unused variable 'choice'
iniche_init.c:129: warning: unused variable 'linha2'
iniche_init.c:128: warning: unused variable 'linha1'
iniche_init.c:127: warning: unused variable 'lastbut'
iniche_init.c:126: warning: unused variable 'flag'
iniche_init.c:125: warning: unused variable 'p2'
iniche_init.c:124: warning: unused variable 'p1'
iniche_init.c:123: warning: unused variable 'ArqI'
iniche_init.c:122: warning: unused variable 'Text11'
iniche_init.c:121: warning: unused variable 'Text10'
iniche_init.c:120: warning: unused variable 'Text01'
iniche_init.c:119: warning: unused variable 'Text00'
iniche_init.c:116: warning: unused variable 'but'
iniche_init.c:116: warning: unused variable 'sw'
iniche_init.c:77: warning: unused variable 'error_code'
      1 [main] true 3188 find_fast_cwd: WARNING: Couldn't compute FAST_CWD pointer.  Please report this problem to
the public mailing list cygwin@cygwin.com
      1 [main] echo 11016 find_fast_cwd: WARNING: Couldn't compute FAST_CWD pointer.  Please report this problem to
Info: Linking server.elf
the public mailing list cygwin@cygwin.com
nios2-elf-g++  -T'../server_bsp//linker.x' -msys-crt0='../server_bsp//obj/HAL/src/crt0.o' -msys-lib=ucosii_bsp -L../server_bsp/   -Wl,-Map=server.map   -O0 -g -Wall   -EL -mno-hw-div -mhw-mul -mno-hw-mulx  -o server.elf obj/default/LCD.o obj/default/SSS_DE2_115.o obj/default/alt_error_handler.o obj/default/dm9000a.o obj/default/iniche_init.o obj/default/led.o obj/default/network_utilities.o obj/default/simple_socket_server.o obj/default/tse_my_system.o -lm 
nios2-elf-insert server.elf --thread_model ucosii --cpu_name cpu_0 --qsys true --simulation_enabled false --id 0 --sidp 0x1a82108 --timestamp 1671240051 --stderr_dev jtag_uart_0 --stdin_dev jtag_uart_0 --stdout_dev jtag_uart_0 --sopc_system_name system_0 --quartus_project_dir "C:/vhdl_fpu/DE2_NET" --jdi C:/vhdl_fpu/DE2_NET/DE2_NET.jdi --sopcinfo C:/vhdl_fpu/DE2_NET/system_0.sopcinfo
      1 [main] sh 12668 find_fast_cwd: WARNING: Couldn't compute FAST_CWD pointer.  Please report this problem to
the public mailing list cygwin@cygwin.com
      1 [main] uname 10756 find_fast_cwd: WARNING: Couldn't compute FAST_CWD pointer.  Please report this problem to
the public mailing list cygwin@cygwin.com
      1 [main] sh 12664 find_fast_cwd: WARNING: Couldn't compute FAST_CWD pointer.  Please report this problem to
the public mailing list cygwin@cygwin.com
Info: (server.elf) 350 KBytes program size (code + initialized data).
Info:              7841 KBytes free for stack + heap.
      1 [main] echo 7988 find_fast_cwd: WARNING: Couldn't compute FAST_CWD pointer.  Please report this problem to
Info: Creating server.objdump
the public mailing list cygwin@cygwin.com
nios2-elf-objdump --disassemble --syms --all-header --source server.elf >server.objdump
      1 [main] sh 5760 find_fast_cwd: WARNING: Couldn't compute FAST_CWD pointer.  Please report this problem to
the public mailing list cygwin@cygwin.com
      1 [main] sh 8176 find_fast_cwd: WARNING: Couldn't compute FAST_CWD pointer.  Please report this problem to
the public mailing list cygwin@cygwin.com
[server build complete]

**** Build Finished ****

**** Build of configuration Nios II for project server ****

make all 
      1 [main] sh 11568 find_fast_cwd: WARNING: Couldn't compute FAST_CWD pointer.  Please report this problem to
the public mailing list cygwin@cygwin.com
      1 [main] sh 6408 find_fast_cwd: WARNING: Couldn't compute FAST_CWD pointer.  Please report this problem to
the public mailing list cygwin@cygwin.com
      1 [main] echo 2628 find_fast_cwd: WARNING: Couldn't compute FAST_CWD pointer.  Please report this problem to
Info: Building ../server_bsp/
the public mailing list cygwin@cygwin.com
make --no-print-directory -C ../server_bsp/
      1 [main] pwd 3124 find_fast_cwd: WARNING: Couldn't compute FAST_CWD pointer.  Please report this problem to
the public mailing list cygwin@cygwin.com
      1 [main] sh 9696 find_fast_cwd: WARNING: Couldn't compute FAST_CWD pointer.  Please report this problem to
the public mailing list cygwin@cygwin.com
      1 [main] sh 1300 find_fast_cwd: WARNING: Couldn't compute FAST_CWD pointer.  Please report this problem to
the public mailing list cygwin@cygwin.com
[BSP build complete]
      1 [main] true 8148 find_fast_cwd: WARNING: Couldn't compute FAST_CWD pointer.  Please report this problem to
the public mailing list cygwin@cygwin.com
      1 [main] sh 8060 find_fast_cwd: WARNING: Couldn't compute FAST_CWD pointer.  Please report this problem to
the public mailing list cygwin@cygwin.com
[server build complete]

**** Build Finished ****

**** Build of configuration Nios II for project server ****

make all 
      1 [main] sh 14024 find_fast_cwd: WARNING: Couldn't compute FAST_CWD pointer.  Please report this problem to
the public mailing list cygwin@cygwin.com
      1 [main] sh 9384 find_fast_cwd: WARNING: Couldn't compute FAST_CWD pointer.  Please report this problem to
the public mailing list cygwin@cygwin.com
      1 [main] echo 10400 find_fast_cwd: WARNING: Couldn't compute FAST_CWD pointer.  Please report this problem to
Info: Building ../server_bsp/
the public mailing list cygwin@cygwin.com
make --no-print-directory -C ../server_bsp/
      1 [main] pwd 13348 find_fast_cwd: WARNING: Couldn't compute FAST_CWD pointer.  Please report this problem to
the public mailing list cygwin@cygwin.com
      1 [main] sh 4484 find_fast_cwd: WARNING: Couldn't compute FAST_CWD pointer.  Please report this problem to
the public mailing list cygwin@cygwin.com
      1 [main] sh 2704 find_fast_cwd: WARNING: Couldn't compute FAST_CWD pointer.  Please report this problem to
the public mailing list cygwin@cygwin.com
[BSP build complete]
      1 [main] true 12644 find_fast_cwd: WARNING: Couldn't compute FAST_CWD pointer.  Please report this problem to
the public mailing list cygwin@cygwin.com
      1 [main] sh 14152 find_fast_cwd: WARNING: Couldn't compute FAST_CWD pointer.  Please report this problem to
the public mailing list cygwin@cygwin.com
[server build complete]

**** Build Finished ****
